<?xml version="1.0" encoding="UTF-8"?>
<testsuite xmlns:xsi="http://www.w3.org/2001/XMLSchema-instance" xsi:noNamespaceSchemaLocation="https://maven.apache.org/surefire/maven-surefire-plugin/xsd/surefire-test-report.xsd" version="3.0.2" name="com.example.demo.domain.RemoveContentTest" time="0.014" tests="1" errors="0" skipped="0" failures="0">
  <properties>
    <property name="java.specification.version" value="21"/>
    <property name="sun.cpu.isalist" value="amd64"/>
    <property name="sun.jnu.encoding" value="GBK"/>
    <property name="java.class.path" value="D:\work\code\java\demo20250507\target\test-classes;D:\work\code\java\demo20250507\target\classes;D:\repertory\org\springframework\shell\spring-shell-starter\3.4.0\spring-shell-starter-3.4.0.jar;D:\repertory\org\springframework\shell\spring-shell-autoconfigure\3.4.0\spring-shell-autoconfigure-3.4.0.jar;D:\repertory\org\springframework\boot\spring-boot-autoconfigure\3.4.5\spring-boot-autoconfigure-3.4.5.jar;D:\repertory\org\springframework\shell\spring-shell-core\3.4.0\spring-shell-core-3.4.0.jar;D:\repertory\org\springframework\boot\spring-boot-starter-validation\3.4.5\spring-boot-starter-validation-3.4.5.jar;D:\repertory\org\apache\tomcat\embed\tomcat-embed-el\10.1.40\tomcat-embed-el-10.1.40.jar;D:\repertory\org\hibernate\validator\hibernate-validator\8.0.2.Final\hibernate-validator-8.0.2.Final.jar;D:\repertory\jakarta\validation\jakarta.validation-api\3.0.2\jakarta.validation-api-3.0.2.jar;D:\repertory\org\jboss\logging\jboss-logging\3.6.1.Final\jboss-logging-3.6.1.Final.jar;D:\repertory\com\fasterxml\classmate\1.7.0\classmate-1.7.0.jar;D:\repertory\org\springframework\spring-messaging\6.2.6\spring-messaging-6.2.6.jar;D:\repertory\io\projectreactor\reactor-core\3.7.5\reactor-core-3.7.5.jar;D:\repertory\org\reactivestreams\reactive-streams\1.0.4\reactive-streams-1.0.4.jar;D:\repertory\org\jline\jline-console\3.26.3\jline-console-3.26.3.jar;D:\repertory\org\jline\jline-builtins\3.26.3\jline-builtins-3.26.3.jar;D:\repertory\org\jline\jline-reader\3.26.3\jline-reader-3.26.3.jar;D:\repertory\org\jline\jline-style\3.26.3\jline-style-3.26.3.jar;D:\repertory\org\jline\jline-terminal\3.26.3\jline-terminal-3.26.3.jar;D:\repertory\org\jline\jline-native\3.26.3\jline-native-3.26.3.jar;D:\repertory\org\antlr\ST4\4.3.4\ST4-4.3.4.jar;D:\repertory\org\antlr\antlr-runtime\3.5.3\antlr-runtime-3.5.3.jar;D:\repertory\commons-io\commons-io\2.18.0\commons-io-2.18.0.jar;D:\repertory\org\springframework\shell\spring-shell-standard\3.4.0\spring-shell-standard-3.4.0.jar;D:\repertory\org\springframework\shell\spring-shell-standard-commands\3.4.0\spring-shell-standard-commands-3.4.0.jar;D:\repertory\org\springframework\shell\spring-shell-table\3.4.0\spring-shell-table-3.4.0.jar;D:\repertory\org\springframework\spring-context\6.2.6\spring-context-6.2.6.jar;D:\repertory\io\micrometer\micrometer-observation\1.14.6\micrometer-observation-1.14.6.jar;D:\repertory\io\micrometer\micrometer-commons\1.14.6\micrometer-commons-1.14.6.jar;D:\repertory\org\springframework\boot\spring-boot-starter\3.4.5\spring-boot-starter-3.4.5.jar;D:\repertory\org\springframework\boot\spring-boot\3.4.5\spring-boot-3.4.5.jar;D:\repertory\org\springframework\boot\spring-boot-starter-logging\3.4.5\spring-boot-starter-logging-3.4.5.jar;D:\repertory\ch\qos\logback\logback-classic\1.5.18\logback-classic-1.5.18.jar;D:\repertory\ch\qos\logback\logback-core\1.5.18\logback-core-1.5.18.jar;D:\repertory\org\apache\logging\log4j\log4j-to-slf4j\2.24.3\log4j-to-slf4j-2.24.3.jar;D:\repertory\org\apache\logging\log4j\log4j-api\2.24.3\log4j-api-2.24.3.jar;D:\repertory\org\slf4j\jul-to-slf4j\2.0.17\jul-to-slf4j-2.0.17.jar;D:\repertory\jakarta\annotation\jakarta.annotation-api\2.1.1\jakarta.annotation-api-2.1.1.jar;D:\repertory\org\yaml\snakeyaml\2.3\snakeyaml-2.3.jar;D:\repertory\org\springframework\boot\spring-boot-starter-test\3.4.5\spring-boot-starter-test-3.4.5.jar;D:\repertory\org\springframework\boot\spring-boot-test\3.4.5\spring-boot-test-3.4.5.jar;D:\repertory\org\springframework\boot\spring-boot-test-autoconfigure\3.4.5\spring-boot-test-autoconfigure-3.4.5.jar;D:\repertory\com\jayway\jsonpath\json-path\2.9.0\json-path-2.9.0.jar;D:\repertory\org\slf4j\slf4j-api\2.0.17\slf4j-api-2.0.17.jar;D:\repertory\jakarta\xml\bind\jakarta.xml.bind-api\4.0.2\jakarta.xml.bind-api-4.0.2.jar;D:\repertory\jakarta\activation\jakarta.activation-api\2.1.3\jakarta.activation-api-2.1.3.jar;D:\repertory\net\minidev\json-smart\2.5.2\json-smart-2.5.2.jar;D:\repertory\net\minidev\accessors-smart\2.5.2\accessors-smart-2.5.2.jar;D:\repertory\org\ow2\asm\asm\9.7.1\asm-9.7.1.jar;D:\repertory\org\assertj\assertj-core\3.26.3\assertj-core-3.26.3.jar;D:\repertory\net\bytebuddy\byte-buddy\1.15.11\byte-buddy-1.15.11.jar;D:\repertory\org\awaitility\awaitility\4.2.2\awaitility-4.2.2.jar;D:\repertory\org\hamcrest\hamcrest\2.2\hamcrest-2.2.jar;D:\repertory\org\junit\jupiter\junit-jupiter\5.11.4\junit-jupiter-5.11.4.jar;D:\repertory\org\junit\jupiter\junit-jupiter-api\5.11.4\junit-jupiter-api-5.11.4.jar;D:\repertory\org\opentest4j\opentest4j\1.3.0\opentest4j-1.3.0.jar;D:\repertory\org\junit\platform\junit-platform-commons\1.11.4\junit-platform-commons-1.11.4.jar;D:\repertory\org\apiguardian\apiguardian-api\1.1.2\apiguardian-api-1.1.2.jar;D:\repertory\org\junit\jupiter\junit-jupiter-params\5.11.4\junit-jupiter-params-5.11.4.jar;D:\repertory\org\junit\jupiter\junit-jupiter-engine\5.11.4\junit-jupiter-engine-5.11.4.jar;D:\repertory\org\junit\platform\junit-platform-engine\1.11.4\junit-platform-engine-1.11.4.jar;D:\repertory\org\mockito\mockito-core\5.14.2\mockito-core-5.14.2.jar;D:\repertory\net\bytebuddy\byte-buddy-agent\1.15.11\byte-buddy-agent-1.15.11.jar;D:\repertory\org\objenesis\objenesis\3.3\objenesis-3.3.jar;D:\repertory\org\mockito\mockito-junit-jupiter\5.14.2\mockito-junit-jupiter-5.14.2.jar;D:\repertory\org\skyscreamer\jsonassert\1.5.3\jsonassert-1.5.3.jar;D:\repertory\com\vaadin\external\google\android-json\0.0.20131108.vaadin1\android-json-0.0.20131108.vaadin1.jar;D:\repertory\org\springframework\spring-core\6.2.6\spring-core-6.2.6.jar;D:\repertory\org\springframework\spring-jcl\6.2.6\spring-jcl-6.2.6.jar;D:\repertory\org\springframework\spring-test\6.2.6\spring-test-6.2.6.jar;D:\repertory\org\xmlunit\xmlunit-core\2.10.0\xmlunit-core-2.10.0.jar;D:\repertory\org\springframework\restdocs\spring-restdocs-mockmvc\3.0.3\spring-restdocs-mockmvc-3.0.3.jar;D:\repertory\org\springframework\restdocs\spring-restdocs-core\3.0.3\spring-restdocs-core-3.0.3.jar;D:\repertory\com\fasterxml\jackson\core\jackson-databind\2.18.3\jackson-databind-2.18.3.jar;D:\repertory\com\fasterxml\jackson\core\jackson-annotations\2.18.3\jackson-annotations-2.18.3.jar;D:\repertory\com\fasterxml\jackson\core\jackson-core\2.18.3\jackson-core-2.18.3.jar;D:\repertory\org\springframework\spring-web\6.2.6\spring-web-6.2.6.jar;D:\repertory\org\springframework\spring-webmvc\6.2.6\spring-webmvc-6.2.6.jar;D:\repertory\org\springframework\spring-aop\6.2.6\spring-aop-6.2.6.jar;D:\repertory\org\springframework\spring-beans\6.2.6\spring-beans-6.2.6.jar;D:\repertory\org\springframework\spring-expression\6.2.6\spring-expression-6.2.6.jar;D:\repertory\jakarta\servlet\jakarta.servlet-api\6.0.0\jakarta.servlet-api-6.0.0.jar;"/>
    <property name="java.vm.vendor" value="BellSoft"/>
    <property name="sun.arch.data.model" value="64"/>
    <property name="user.variant" value=""/>
    <property name="java.vendor.url" value="https://bell-sw.com/"/>
    <property name="user.timezone" value="Asia/Shanghai"/>
    <property name="org.jboss.logging.provider" value="slf4j"/>
    <property name="os.name" value="Windows 11"/>
    <property name="java.vm.specification.version" value="21"/>
    <property name="APPLICATION_NAME" value="demo"/>
    <property name="sun.java.launcher" value="SUN_STANDARD"/>
    <property name="user.country" value="CN"/>
    <property name="sun.boot.library.path" value="D:\myprogram\jdk-21.0.7\bin"/>
    <property name="sun.java.command" value="C:\Users\Administrator\AppData\Local\Temp\surefire16654572823373004201\surefirebooter-20250507082656220_3.jar C:\Users\Administrator\AppData\Local\Temp\surefire16654572823373004201 2025-05-07T08-26-56_148-jvmRun1 surefire-20250507082656220_1tmp surefire_0-20250507082656220_2tmp"/>
    <property name="jdk.debug" value="release"/>
    <property name="surefire.test.class.path" value="D:\work\code\java\demo20250507\target\test-classes;D:\work\code\java\demo20250507\target\classes;D:\repertory\org\springframework\shell\spring-shell-starter\3.4.0\spring-shell-starter-3.4.0.jar;D:\repertory\org\springframework\shell\spring-shell-autoconfigure\3.4.0\spring-shell-autoconfigure-3.4.0.jar;D:\repertory\org\springframework\boot\spring-boot-autoconfigure\3.4.5\spring-boot-autoconfigure-3.4.5.jar;D:\repertory\org\springframework\shell\spring-shell-core\3.4.0\spring-shell-core-3.4.0.jar;D:\repertory\org\springframework\boot\spring-boot-starter-validation\3.4.5\spring-boot-starter-validation-3.4.5.jar;D:\repertory\org\apache\tomcat\embed\tomcat-embed-el\10.1.40\tomcat-embed-el-10.1.40.jar;D:\repertory\org\hibernate\validator\hibernate-validator\8.0.2.Final\hibernate-validator-8.0.2.Final.jar;D:\repertory\jakarta\validation\jakarta.validation-api\3.0.2\jakarta.validation-api-3.0.2.jar;D:\repertory\org\jboss\logging\jboss-logging\3.6.1.Final\jboss-logging-3.6.1.Final.jar;D:\repertory\com\fasterxml\classmate\1.7.0\classmate-1.7.0.jar;D:\repertory\org\springframework\spring-messaging\6.2.6\spring-messaging-6.2.6.jar;D:\repertory\io\projectreactor\reactor-core\3.7.5\reactor-core-3.7.5.jar;D:\repertory\org\reactivestreams\reactive-streams\1.0.4\reactive-streams-1.0.4.jar;D:\repertory\org\jline\jline-console\3.26.3\jline-console-3.26.3.jar;D:\repertory\org\jline\jline-builtins\3.26.3\jline-builtins-3.26.3.jar;D:\repertory\org\jline\jline-reader\3.26.3\jline-reader-3.26.3.jar;D:\repertory\org\jline\jline-style\3.26.3\jline-style-3.26.3.jar;D:\repertory\org\jline\jline-terminal\3.26.3\jline-terminal-3.26.3.jar;D:\repertory\org\jline\jline-native\3.26.3\jline-native-3.26.3.jar;D:\repertory\org\antlr\ST4\4.3.4\ST4-4.3.4.jar;D:\repertory\org\antlr\antlr-runtime\3.5.3\antlr-runtime-3.5.3.jar;D:\repertory\commons-io\commons-io\2.18.0\commons-io-2.18.0.jar;D:\repertory\org\springframework\shell\spring-shell-standard\3.4.0\spring-shell-standard-3.4.0.jar;D:\repertory\org\springframework\shell\spring-shell-standard-commands\3.4.0\spring-shell-standard-commands-3.4.0.jar;D:\repertory\org\springframework\shell\spring-shell-table\3.4.0\spring-shell-table-3.4.0.jar;D:\repertory\org\springframework\spring-context\6.2.6\spring-context-6.2.6.jar;D:\repertory\io\micrometer\micrometer-observation\1.14.6\micrometer-observation-1.14.6.jar;D:\repertory\io\micrometer\micrometer-commons\1.14.6\micrometer-commons-1.14.6.jar;D:\repertory\org\springframework\boot\spring-boot-starter\3.4.5\spring-boot-starter-3.4.5.jar;D:\repertory\org\springframework\boot\spring-boot\3.4.5\spring-boot-3.4.5.jar;D:\repertory\org\springframework\boot\spring-boot-starter-logging\3.4.5\spring-boot-starter-logging-3.4.5.jar;D:\repertory\ch\qos\logback\logback-classic\1.5.18\logback-classic-1.5.18.jar;D:\repertory\ch\qos\logback\logback-core\1.5.18\logback-core-1.5.18.jar;D:\repertory\org\apache\logging\log4j\log4j-to-slf4j\2.24.3\log4j-to-slf4j-2.24.3.jar;D:\repertory\org\apache\logging\log4j\log4j-api\2.24.3\log4j-api-2.24.3.jar;D:\repertory\org\slf4j\jul-to-slf4j\2.0.17\jul-to-slf4j-2.0.17.jar;D:\repertory\jakarta\annotation\jakarta.annotation-api\2.1.1\jakarta.annotation-api-2.1.1.jar;D:\repertory\org\yaml\snakeyaml\2.3\snakeyaml-2.3.jar;D:\repertory\org\springframework\boot\spring-boot-starter-test\3.4.5\spring-boot-starter-test-3.4.5.jar;D:\repertory\org\springframework\boot\spring-boot-test\3.4.5\spring-boot-test-3.4.5.jar;D:\repertory\org\springframework\boot\spring-boot-test-autoconfigure\3.4.5\spring-boot-test-autoconfigure-3.4.5.jar;D:\repertory\com\jayway\jsonpath\json-path\2.9.0\json-path-2.9.0.jar;D:\repertory\org\slf4j\slf4j-api\2.0.17\slf4j-api-2.0.17.jar;D:\repertory\jakarta\xml\bind\jakarta.xml.bind-api\4.0.2\jakarta.xml.bind-api-4.0.2.jar;D:\repertory\jakarta\activation\jakarta.activation-api\2.1.3\jakarta.activation-api-2.1.3.jar;D:\repertory\net\minidev\json-smart\2.5.2\json-smart-2.5.2.jar;D:\repertory\net\minidev\accessors-smart\2.5.2\accessors-smart-2.5.2.jar;D:\repertory\org\ow2\asm\asm\9.7.1\asm-9.7.1.jar;D:\repertory\org\assertj\assertj-core\3.26.3\assertj-core-3.26.3.jar;D:\repertory\net\bytebuddy\byte-buddy\1.15.11\byte-buddy-1.15.11.jar;D:\repertory\org\awaitility\awaitility\4.2.2\awaitility-4.2.2.jar;D:\repertory\org\hamcrest\hamcrest\2.2\hamcrest-2.2.jar;D:\repertory\org\junit\jupiter\junit-jupiter\5.11.4\junit-jupiter-5.11.4.jar;D:\repertory\org\junit\jupiter\junit-jupiter-api\5.11.4\junit-jupiter-api-5.11.4.jar;D:\repertory\org\opentest4j\opentest4j\1.3.0\opentest4j-1.3.0.jar;D:\repertory\org\junit\platform\junit-platform-commons\1.11.4\junit-platform-commons-1.11.4.jar;D:\repertory\org\apiguardian\apiguardian-api\1.1.2\apiguardian-api-1.1.2.jar;D:\repertory\org\junit\jupiter\junit-jupiter-params\5.11.4\junit-jupiter-params-5.11.4.jar;D:\repertory\org\junit\jupiter\junit-jupiter-engine\5.11.4\junit-jupiter-engine-5.11.4.jar;D:\repertory\org\junit\platform\junit-platform-engine\1.11.4\junit-platform-engine-1.11.4.jar;D:\repertory\org\mockito\mockito-core\5.14.2\mockito-core-5.14.2.jar;D:\repertory\net\bytebuddy\byte-buddy-agent\1.15.11\byte-buddy-agent-1.15.11.jar;D:\repertory\org\objenesis\objenesis\3.3\objenesis-3.3.jar;D:\repertory\org\mockito\mockito-junit-jupiter\5.14.2\mockito-junit-jupiter-5.14.2.jar;D:\repertory\org\skyscreamer\jsonassert\1.5.3\jsonassert-1.5.3.jar;D:\repertory\com\vaadin\external\google\android-json\0.0.20131108.vaadin1\android-json-0.0.20131108.vaadin1.jar;D:\repertory\org\springframework\spring-core\6.2.6\spring-core-6.2.6.jar;D:\repertory\org\springframework\spring-jcl\6.2.6\spring-jcl-6.2.6.jar;D:\repertory\org\springframework\spring-test\6.2.6\spring-test-6.2.6.jar;D:\repertory\org\xmlunit\xmlunit-core\2.10.0\xmlunit-core-2.10.0.jar;D:\repertory\org\springframework\restdocs\spring-restdocs-mockmvc\3.0.3\spring-restdocs-mockmvc-3.0.3.jar;D:\repertory\org\springframework\restdocs\spring-restdocs-core\3.0.3\spring-restdocs-core-3.0.3.jar;D:\repertory\com\fasterxml\jackson\core\jackson-databind\2.18.3\jackson-databind-2.18.3.jar;D:\repertory\com\fasterxml\jackson\core\jackson-annotations\2.18.3\jackson-annotations-2.18.3.jar;D:\repertory\com\fasterxml\jackson\core\jackson-core\2.18.3\jackson-core-2.18.3.jar;D:\repertory\org\springframework\spring-web\6.2.6\spring-web-6.2.6.jar;D:\repertory\org\springframework\spring-webmvc\6.2.6\spring-webmvc-6.2.6.jar;D:\repertory\org\springframework\spring-aop\6.2.6\spring-aop-6.2.6.jar;D:\repertory\org\springframework\spring-beans\6.2.6\spring-beans-6.2.6.jar;D:\repertory\org\springframework\spring-expression\6.2.6\spring-expression-6.2.6.jar;D:\repertory\jakarta\servlet\jakarta.servlet-api\6.0.0\jakarta.servlet-api-6.0.0.jar;"/>
    <property name="sun.cpu.endian" value="little"/>
    <property name="user.home" value="C:\Users\Administrator"/>
    <property name="user.language" value="zh"/>
    <property name="java.specification.vendor" value="Oracle Corporation"/>
    <property name="java.version.date" value="2025-04-15"/>
    <property name="java.home" value="D:\myprogram\jdk-21.0.7"/>
    <property name="file.separator" value="\"/>
    <property name="basedir" value="D:\work\code\java\demo20250507"/>
    <property name="java.vm.compressedOopsMode" value="Zero based"/>
    <property name="line.separator" value="&#10;"/>
    <property name="java.vm.specification.vendor" value="Oracle Corporation"/>
    <property name="java.specification.name" value="Java Platform API Specification"/>
    <property name="FILE_LOG_CHARSET" value="UTF-8"/>
    <property name="java.awt.headless" value="true"/>
    <property name="surefire.real.class.path" value="C:\Users\Administrator\AppData\Local\Temp\surefire16654572823373004201\surefirebooter-20250507082656220_3.jar"/>
    <property name="user.script" value=""/>
    <property name="sun.management.compiler" value="HotSpot 64-Bit Tiered Compilers"/>
    <property name="java.runtime.version" value="21.0.7+9-LTS"/>
    <property name="user.name" value="Administrator"/>
    <property name="stdout.encoding" value="GBK"/>
    <property name="path.separator" value=";"/>
    <property name="os.version" value="10.0"/>
    <property name="java.runtime.name" value="OpenJDK Runtime Environment"/>
    <property name="file.encoding" value="UTF-8"/>
    <property name="java.vm.name" value="OpenJDK 64-Bit Server VM"/>
    <property name="localRepository" value="D:\repertory"/>
    <property name="java.vendor.url.bug" value="https://bell-sw.com/support"/>
    <property name="java.io.tmpdir" value="C:\Users\Administrator\AppData\Local\Temp\"/>
    <property name="idea.version" value="2021.3.1"/>
    <property name="java.version" value="21.0.7"/>
    <property name="user.dir" value="D:\work\code\java\demo20250507"/>
    <property name="os.arch" value="amd64"/>
    <property name="java.vm.specification.name" value="Java Virtual Machine Specification"/>
    <property name="PID" value="11824"/>
    <property name="sun.os.patch.level" value=""/>
    <property name="CONSOLE_LOG_CHARSET" value="UTF-8"/>
    <property name="native.encoding" value="GBK"/>
    <property name="java.library.path" value="D:\myprogram\jdk-21.0.7\bin;C:\Windows\Sun\Java\bin;C:\Windows\system32;C:\Windows;C:\Windows\system32;C:\Windows;C:\Windows\System32\Wbem;C:\Windows\System32\WindowsPowerShell\v1.0\;C:\Windows\System32\OpenSSH\;D:\myprogram\jdk-21.0.7\bin;D:\myprogram\apache-maven-3.8.8\bin;C:\Program Files (x86)\Git\cmd;C:\Program Files (x86)\ATI Technologies\ATI.ACE\Core-Static;D:\myprogram\flutter_windows_3.24.3-stable\flutter\bin;C:\Program Files (x86)\NetSarang\Xshell 8\;D:\myprogram\go1.24.2.windows-amd64\go\bin;C:\Users\Administrator\AppData\Local\Microsoft\WindowsApps;;C:\Users\Administrator\AppData\Local\Programs\Microsoft VS Code\bin;."/>
    <property name="java.vm.info" value="mixed mode, sharing"/>
    <property name="stderr.encoding" value="GBK"/>
    <property name="java.vendor" value="BellSoft"/>
    <property name="java.vm.version" value="21.0.7+9-LTS"/>
    <property name="sun.io.unicode.encoding" value="UnicodeLittle"/>
    <property name="java.class.version" value="65.0"/>
    <property name="LOGGED_APPLICATION_NAME" value="[demo] "/>
  </properties>
  <testcase name="performConvert" classname="com.example.demo.domain.RemoveContentTest" time="0.006">
    <system-out><![CDATA[2025-05-07T08:26:59.086+08:00  INFO 11824 --- [demo] [           main] t.c.s.AnnotationConfigContextLoaderUtils : Could not detect default configuration classes for test class [com.example.demo.domain.RemoveContentTest]: RemoveContentTest does not declare any static, non-private, non-final, nested classes annotated with @Configuration.
2025-05-07T08:26:59.087+08:00  INFO 11824 --- [demo] [           main] .b.t.c.SpringBootTestContextBootstrapper : Found @SpringBootConfiguration com.example.DemoApplication for test class com.example.demo.domain.RemoveContentTest
-> aabbbad
-> aaad
-> d
]]></system-out>
  </testcase>
</testsuite>